<?xml version="1.0" encoding="UTF-8"?>
<!-- Generated by org.testng.reporters.JUnitReportReporter -->
<testsuite skipped="0" hostname="DESKTOP-O8F13LJ" name="org.testleaf.leaftaps.testcases.TC001_LoginLogout" tests="2" failures="0" timestamp="08 Sep 2019 11:01:19 GMT" time="13.351" errors="0">
  <testcase name="runTC001" time="8.767" classname="org.testleaf.leaftaps.testcases.TC001_LoginLogout"/>
  <testcase name="runTC001" time="4.584" classname="org.testleaf.leaftaps.testcases.TC001_LoginLogout"/>
</testsuite> <!-- org.testleaf.leaftaps.testcases.TC001_LoginLogout -->
